<?xml version="1.0" encoding="UTF-8"?>
<!-- Generated by org.testng.reporters.JUnitXMLReporter -->
<testsuite ignored="0" hostname="LAPTOP-HBE0DJ0G" failures="0" tests="3" name="Test" time="261.646" errors="0" timestamp="2023-08-03T19:53:31 IST">
  <testcase classname="eCommerceProject.FlipKart" name="flipKartTest" time="171.193"/>
  <testcase classname="eCommerceProject.Ajio" name="ajioTest" time="57.408"/>
  <testcase classname="eCommerceProject.Amazon" name="amazontest" time="32.93"/>
</testsuite> <!-- Test -->
