<?xml version="1.0" encoding="UTF-8"?>
<testng-results ignored="0" total="3" passed="3" failed="0" skipped="0">
  <reporter-output>
    <line>
      <![CDATA[opening flipkart]]>
    </line>
    <line>
      <![CDATA[opening Ajio]]>
    </line>
    <line>
      <![CDATA[opening amazon]]>
    </line>
  </reporter-output>
  <suite started-at="2023-08-03T19:49:08 IST" name="Suite" finished-at="2023-08-03T19:53:30 IST" duration-ms="261646">
    <groups>
    </groups>
    <test started-at="2023-08-03T19:49:08 IST" name="Test" finished-at="2023-08-03T19:53:30 IST" duration-ms="261646">
      <class name="eCommerceProject.FlipKart">
        <test-method signature="flipKartTest()[pri:0, instance:eCommerceProject.FlipKart@222545dc]" started-at="2023-08-03T19:49:08 IST" name="flipKartTest" finished-at="2023-08-03T19:51:59 IST" duration-ms="171193" status="PASS">
          <reporter-output>
            <line>
              <![CDATA[opening flipkart]]>
            </line>
          </reporter-output>
        </test-method> <!-- flipKartTest -->
      </class> <!-- eCommerceProject.FlipKart -->
      <class name="eCommerceProject.Ajio">
        <test-method signature="ajioTest()[pri:0, instance:eCommerceProject.Ajio@3a93b025]" started-at="2023-08-03T19:51:59 IST" name="ajioTest" finished-at="2023-08-03T19:52:57 IST" duration-ms="57408" status="PASS">
          <reporter-output>
            <line>
              <![CDATA[opening Ajio]]>
            </line>
          </reporter-output>
        </test-method> <!-- ajioTest -->
      </class> <!-- eCommerceProject.Ajio -->
      <class name="eCommerceProject.Amazon">
        <test-method signature="amazontest()[pri:0, instance:eCommerceProject.Amazon@35cabb2a]" started-at="2023-08-03T19:52:57 IST" name="amazontest" finished-at="2023-08-03T19:53:30 IST" duration-ms="32930" status="PASS">
          <reporter-output>
            <line>
              <![CDATA[opening amazon]]>
            </line>
          </reporter-output>
        </test-method> <!-- amazontest -->
      </class> <!-- eCommerceProject.Amazon -->
    </test> <!-- Test -->
  </suite> <!-- Suite -->
</testng-results>
